Arguments: 
  C:\Program Files\nodejs\node.exe D:\develop\nodejs\node_global\node_modules\yarn\bin\yarn.js add broser-sync --dev

PATH: 
  C:\Windows\system32;C:\Windows;C:\Windows\System32\Wbem;C:\Windows\System32\WindowsPowerShell\v1.0\;C:\Program Files\nodejs\;D:\develop\nodejs\node_global;C:\Users\Administrator\AppData\Local\GitHubDesktop\bin;C:\Users\Administrator\AppData\Roaming\npm

Yarn version: 
  1.22.4

Node version: 
  12.10.0

Platform: 
  win32 x64

Trace: 
  Error: https://registry.npm.taobao.org/broser-sync: Not found
      at Request.params.callback [as _callback] (D:\develop\nodejs\node_global\node_modules\yarn\lib\cli.js:66987:18)
      at Request.self.callback (D:\develop\nodejs\node_global\node_modules\yarn\lib\cli.js:140748:22)
      at Request.emit (events.js:209:13)
      at Request.<anonymous> (D:\develop\nodejs\node_global\node_modules\yarn\lib\cli.js:141720:10)
      at Request.emit (events.js:209:13)
      at IncomingMessage.<anonymous> (D:\develop\nodejs\node_global\node_modules\yarn\lib\cli.js:141642:12)
      at Object.onceWrapper (events.js:298:28)
      at IncomingMessage.emit (events.js:214:15)
      at endReadableNT (_stream_readable.js:1178:12)
      at processTicksAndRejections (internal/process/task_queues.js:80:21)

npm manifest: 
  {
    "name": "zidonghua",
    "version": "1.0.0",
    "description": "stud",
    "main": "index.js",
    "license": "MIT",
    "scripts": {
      "build": "sass scss/main.scss css/style.css",
      "sever": "browser-sync ."
    },
    "devDependencies": {
      "sass": "^1.26.8",
      "scss": "^0.2.4"
    }
  }

yarn manifest: 
  No manifest

Lockfile: 
  # THIS IS AN AUTOGENERATED FILE. DO NOT EDIT THIS FILE DIRECTLY.
  # yarn lockfile v1
  
  
  anymatch@~3.1.1:
    version "3.1.1"
    resolved "https://registry.npm.taobao.org/anymatch/download/anymatch-3.1.1.tgz#c55ecf02185e2469259399310c173ce31233b142"
    integrity sha1-xV7PAhheJGklk5kxDBc84xIzsUI=
    dependencies:
      normalize-path "^3.0.0"
      picomatch "^2.0.4"
  
  binary-extensions@^2.0.0:
    version "2.0.0"
    resolved "https://registry.npm.taobao.org/binary-extensions/download/binary-extensions-2.0.0.tgz#23c0df14f6a88077f5f986c0d167ec03c3d5537c"
    integrity sha1-I8DfFPaogHf1+YbA0WfsA8PVU3w=
  
  braces@~3.0.2:
    version "3.0.2"
    resolved "https://registry.npm.taobao.org/braces/download/braces-3.0.2.tgz#3454e1a462ee8d599e236df336cd9ea4f8afe107"
    integrity sha1-NFThpGLujVmeI23zNs2epPiv4Qc=
    dependencies:
      fill-range "^7.0.1"
  
  "chokidar@>=2.0.0 <4.0.0":
    version "3.4.0"
    resolved "https://registry.npm.taobao.org/chokidar/download/chokidar-3.4.0.tgz#b30611423ce376357c765b9b8f904b9fba3c0be8"
    integrity sha1-swYRQjzjdjV8dlubj5BLn7o8C+g=
    dependencies:
      anymatch "~3.1.1"
      braces "~3.0.2"
      glob-parent "~5.1.0"
      is-binary-path "~2.1.0"
      is-glob "~4.0.1"
      normalize-path "~3.0.0"
      readdirp "~3.4.0"
    optionalDependencies:
      fsevents "~2.1.2"
  
  fill-range@^7.0.1:
    version "7.0.1"
    resolved "https://registry.npm.taobao.org/fill-range/download/fill-range-7.0.1.tgz#1919a6a7c75fe38b2c7c77e5198535da9acdda40"
    integrity sha1-GRmmp8df44ssfHflGYU12prN2kA=
    dependencies:
      to-regex-range "^5.0.1"
  
  fsevents@~2.1.2:
    version "2.1.3"
    resolved "https://registry.npm.taobao.org/fsevents/download/fsevents-2.1.3.tgz?cache=0&sync_timestamp=1588787369955&other_urls=https%3A%2F%2Fregistry.npm.taobao.org%2Ffsevents%2Fdownload%2Ffsevents-2.1.3.tgz#fb738703ae8d2f9fe900c33836ddebee8b97f23e"
    integrity sha1-+3OHA66NL5/pAMM4Nt3r7ouX8j4=
  
  glob-parent@~5.1.0:
    version "5.1.1"
    resolved "https://registry.npm.taobao.org/glob-parent/download/glob-parent-5.1.1.tgz?cache=0&sync_timestamp=1584836110944&other_urls=https%3A%2F%2Fregistry.npm.taobao.org%2Fglob-parent%2Fdownload%2Fglob-parent-5.1.1.tgz#b6c1ef417c4e5663ea498f1c45afac6916bbc229"
    integrity sha1-tsHvQXxOVmPqSY8cRa+saRa7wik=
    dependencies:
      is-glob "^4.0.1"
  
  is-binary-path@~2.1.0:
    version "2.1.0"
    resolved "https://registry.npm.taobao.org/is-binary-path/download/is-binary-path-2.1.0.tgz#ea1f7f3b80f064236e83470f86c09c254fb45b09"
    integrity sha1-6h9/O4DwZCNug0cPhsCcJU+0Wwk=
    dependencies:
      binary-extensions "^2.0.0"
  
  is-extglob@^2.1.1:
    version "2.1.1"
    resolved "https://registry.npm.taobao.org/is-extglob/download/is-extglob-2.1.1.tgz#a88c02535791f02ed37c76a1b9ea9773c833f8c2"
    integrity sha1-qIwCU1eR8C7TfHahueqXc8gz+MI=
  
  is-glob@^4.0.1, is-glob@~4.0.1:
    version "4.0.1"
    resolved "https://registry.npm.taobao.org/is-glob/download/is-glob-4.0.1.tgz#7567dbe9f2f5e2467bc77ab83c4a29482407a5dc"
    integrity sha1-dWfb6fL14kZ7x3q4PEopSCQHpdw=
    dependencies:
      is-extglob "^2.1.1"
  
  is-number@^7.0.0:
    version "7.0.0"
    resolved "https://registry.npm.taobao.org/is-number/download/is-number-7.0.0.tgz#7535345b896734d5f80c4d06c50955527a14f12b"
    integrity sha1-dTU0W4lnNNX4DE0GxQlVUnoU8Ss=
  
  normalize-path@^3.0.0, normalize-path@~3.0.0:
    version "3.0.0"
    resolved "https://registry.npm.taobao.org/normalize-path/download/normalize-path-3.0.0.tgz#0dcd69ff23a1c9b11fd0978316644a0388216a65"
    integrity sha1-Dc1p/yOhybEf0JeDFmRKA4ghamU=
  
  ometa@0.2.2:
    version "0.2.2"
    resolved "https://registry.npm.taobao.org/ometa/download/ometa-0.2.2.tgz#f53c4735ba6d56af5a46b04dfb7c4334c596d44e"
    integrity sha1-9TxHNbptVq9aRrBN+3xDNMWW1E4=
  
  picomatch@^2.0.4, picomatch@^2.2.1:
    version "2.2.2"
    resolved "https://registry.npm.taobao.org/picomatch/download/picomatch-2.2.2.tgz#21f333e9b6b8eaff02468f5146ea406d345f4dad"
    integrity sha1-IfMz6ba46v8CRo9RRupAbTRfTa0=
  
  readdirp@~3.4.0:
    version "3.4.0"
    resolved "https://registry.npm.taobao.org/readdirp/download/readdirp-3.4.0.tgz?cache=0&sync_timestamp=1584986156939&other_urls=https%3A%2F%2Fregistry.npm.taobao.org%2Freaddirp%2Fdownload%2Freaddirp-3.4.0.tgz#9fdccdf9e9155805449221ac645e8303ab5b9ada"
    integrity sha1-n9zN+ekVWAVEkiGsZF6DA6tbmto=
    dependencies:
      picomatch "^2.2.1"
  
  sass@^1.26.8:
    version "1.26.8"
    resolved "https://registry.npm.taobao.org/sass/download/sass-1.26.8.tgz#312652530721f9568d4c4000b0db07ec6eb23325"
    integrity sha1-MSZSUwch+VaNTEAAsNsH7G6yMyU=
    dependencies:
      chokidar ">=2.0.0 <4.0.0"
  
  scss@^0.2.4:
    version "0.2.4"
    resolved "https://registry.npm.taobao.org/scss/download/scss-0.2.4.tgz#040d903ed37c5d4fa4ad33ae1fd389ac12a4e065"
    integrity sha1-BA2QPtN8XU+krTOuH9OJrBKk4GU=
    dependencies:
      ometa "0.2.2"
  
  to-regex-range@^5.0.1:
    version "5.0.1"
    resolved "https://registry.npm.taobao.org/to-regex-range/download/to-regex-range-5.0.1.tgz#1648c44aae7c8d988a326018ed72f5b4dd0392e4"
    integrity sha1-FkjESq58jZiKMmAY7XL1tN0DkuQ=
    dependencies:
      is-number "^7.0.0"
